============================= test session starts ==============================
platform linux -- Python 3.12.3, pytest-9.1.1, pluggy-1.6.0
rootdir: /home/ubuntu/ai-chat-review
configfile: pyproject.toml
testpaths: tests
plugins: anyio-4.14.2, asyncio-1.4.0, respx-0.23.1
asyncio: mode=Mode.AUTO, debug=False, asyncio_default_fixture_loop_scope=function, asyncio_default_test_loop_scope=function
collected 1864 items / 1 error / 1 skipped

==================================== ERRORS ====================================
____________________ ERROR collecting tests/test_phase7.py _____________________
tests/test_phase7.py:386: in <module>
    _ENGINE = run(_build_search_engine(_CHUNKS))
              ^^^^^^^^^^^^^^^^^^^^^^^^^^^^^^^^^^
tests/test_phase7.py:49: in run
    return asyncio.run(coro)
           ^^^^^^^^^^^^^^^^^
/usr/lib/python3.12/asyncio/runners.py:194: in run
    return runner.run(main)
           ^^^^^^^^^^^^^^^^
/usr/lib/python3.12/asyncio/runners.py:118: in run
    return self._loop.run_until_complete(task)
           ^^^^^^^^^^^^^^^^^^^^^^^^^^^^^^^^^^^
/usr/lib/python3.12/asyncio/base_events.py:687: in run_until_complete
    return future.result()
           ^^^^^^^^^^^^^^^
tests/test_phase7.py:116: in _build_search_engine
    emb_results = await manager.embed_batch(texts)
                  ^^^^^^^^^^^^^^^^^^^^^^^^^^^^^^^^
core/embeddings/embedding_manager.py:72: in embed_batch
    return await model.embed_batch(texts, chunk_ids=chunk_ids, article_id=article_id)
           ^^^^^^^^^^^^^^^^^^^^^^^^^^^^^^^^^^^^^^^^^^^^^^^^^^^^^^^^^^^^^^^^^^^^^^^^^^
core/embeddings/base.py:114: in embed_batch
    self.ensure_loaded()
core/embeddings/base.py:77: in ensure_loaded
    self.load()
core/embeddings/sentence_transformer.py:31: in load
    self._model = SentenceTransformer(
/usr/local/lib/python3.12/dist-packages/sentence_transformers/util/decorators.py:46: in wrapper
    return func(*args, **kwargs)
           ^^^^^^^^^^^^^^^^^^^^^
/usr/local/lib/python3.12/dist-packages/sentence_transformers/sentence_transformer/model.py:194: in __init__
    super().__init__(
/usr/local/lib/python3.12/dist-packages/sentence_transformers/base/model.py:236: in __init__
    modules, self.module_kwargs = self._load_modules(
/usr/local/lib/python3.12/dist-packages/sentence_transformers/base/model.py:1081: in _load_modules
    return self._load_config_modules(model_name_or_path, **load_kwargs)
           ^^^^^^^^^^^^^^^^^^^^^^^^^^^^^^^^^^^^^^^^^^^^^^^^^^^^^^^^^^^^
/usr/local/lib/python3.12/dist-packages/sentence_transformers/base/model.py:1298: in _load_config_modules
    module = module_class.load(
/usr/local/lib/python3.12/dist-packages/sentence_transformers/base/modules/transformer.py:2631: in load
    return cls(model_name_or_path=model_name_or_path, **init_kwargs)
           ^^^^^^^^^^^^^^^^^^^^^^^^^^^^^^^^^^^^^^^^^^^^^^^^^^^^^^^^^
/usr/local/lib/python3.12/dist-packages/sentence_transformers/util/decorators.py:92: in wrapper
    return func(*args, **kwargs)
           ^^^^^^^^^^^^^^^^^^^^^
/usr/local/lib/python3.12/dist-packages/sentence_transformers/base/modules/transformer.py:847: in __init__
    self.model = self._load_model(
/usr/local/lib/python3.12/dist-packages/sentence_transformers/base/modules/transformer.py:2333: in _load_model
    return model_cls.from_pretrained(model_name_or_path, config=config, **model_kwargs)
           ^^^^^^^^^^^^^^^^^^^^^^^^^^^^^^^^^^^^^^^^^^^^^^^^^^^^^^^^^^^^^^^^^^^^^^^^^^^^
/usr/local/lib/python3.12/dist-packages/transformers/models/auto/auto_factory.py:402: in from_pretrained
    return model_class.from_pretrained(
/usr/local/lib/python3.12/dist-packages/transformers/modeling_utils.py:4248: in from_pretrained
    checkpoint_files, sharded_metadata = _get_resolved_checkpoint_files(
/usr/local/lib/python3.12/dist-packages/transformers/modeling_utils.py:746: in _get_resolved_checkpoint_files
    raise OSError(
E   OSError: sentence-transformers/all-MiniLM-L6-v2 does not appear to have a file named pytorch_model.bin or model.safetensors.
------------------------------- Captured stdout --------------------------------

════════════════════════════════════════════════════════════
  Phase 7 — Vector Search + RAG Foundation Tests
════════════════════════════════════════════════════════════

[7.1 Embedding Models Layer]
  ✓ 7.1.1 EmbeddingConfig defaults
2026-08-21 22:46:54 [INFO] core.embeddings.sentence_transformer: تحميل نموذج: sentence-transformers/all-MiniLM-L6-v2
2026-08-21 22:46:54 [INFO] sentence_transformers.base.model: Loading SentenceTransformer model from sentence-transformers/all-MiniLM-L6-v2.
2026-08-21 22:46:54 [ERROR] core.embeddings.sentence_transformer: فشل تحميل النموذج: sentence-transformers/all-MiniLM-L6-v2 does not appear to have a file named pytorch_model.bin or model.safetensors.
  ✗ FAIL: sentence-transformers/all-MiniLM-L6-v2 does not appear to have a file named pytorch_model.bin or model.safetensors.
2026-08-21 22:46:54 [INFO] core.embeddings.sentence_transformer: تحميل نموذج: sentence-transformers/all-MiniLM-L6-v2
2026-08-21 22:46:54 [INFO] sentence_transformers.base.model: Loading SentenceTransformer model from sentence-transformers/all-MiniLM-L6-v2.
2026-08-21 22:46:54 [ERROR] core.embeddings.sentence_transformer: فشل تحميل النموذج: sentence-transformers/all-MiniLM-L6-v2 does not appear to have a file named pytorch_model.bin or model.safetensors.
  ✗ FAIL: sentence-transformers/all-MiniLM-L6-v2 does not appear to have a file named pytorch_model.bin or model.safetensors.
  ✓ 7.1.4 EmbeddingRegistry.list_models()
2026-08-21 22:46:54 [INFO] core.embeddings.embedding_manager: نموذج جديد أُنشئ: all-MiniLM-L6-v2
2026-08-21 22:46:54 [INFO] core.embeddings.sentence_transformer: تحميل نموذج: sentence-transformers/all-MiniLM-L6-v2
2026-08-21 22:46:54 [INFO] sentence_transformers.base.model: Loading SentenceTransformer model from sentence-transformers/all-MiniLM-L6-v2.
2026-08-21 22:46:54 [ERROR] core.embeddings.sentence_transformer: فشل تحميل النموذج: sentence-transformers/all-MiniLM-L6-v2 does not appear to have a file named pytorch_model.bin or model.safetensors.
  ✗ FAIL: assert 'error' == 'ok'
2026-08-21 22:46:54 [INFO] core.embeddings.sentence_transformer: تحميل نموذج: sentence-transformers/all-MiniLM-L6-v2
2026-08-21 22:46:54 [INFO] sentence_transformers.base.model: Loading SentenceTransformer model from sentence-transformers/all-MiniLM-L6-v2.
2026-08-21 22:46:54 [ERROR] core.embeddings.sentence_transformer: فشل تحميل النموذج: sentence-transformers/all-MiniLM-L6-v2 does not appear to have a file named pytorch_model.bin or model.safetensors.
  ✗ FAIL: sentence-transformers/all-MiniLM-L6-v2 does not appear to have a file named pytorch_model.bin or model.safetensors.


[7.2 Chunk Embedding Pipeline]
2026-08-21 22:46:54 [INFO] core.embeddings.sentence_transformer: تحميل نموذج: sentence-transformers/all-MiniLM-L6-v2
2026-08-21 22:46:54 [INFO] sentence_transformers.base.model: Loading SentenceTransformer model from sentence-transformers/all-MiniLM-L6-v2.
2026-08-21 22:46:54 [ERROR] core.embeddings.sentence_transformer: فشل تحميل النموذج: sentence-transformers/all-MiniLM-L6-v2 does not appear to have a file named pytorch_model.bin or model.safetensors.
2026-08-21 22:46:54 [ERROR] data_engine.pipelines.stages.embed_stage: embed_single فشل لـ chk_04963b57e7dd55bd: sentence-transformers/all-MiniLM-L6-v2 does not appear to have a file named pytorch_model.bin or model.safetensors.
  ✗ FAIL: assert None is not None
2026-08-21 22:46:54 [INFO] core.embeddings.sentence_transformer: تحميل نموذج: sentence-transformers/all-MiniLM-L6-v2
2026-08-21 22:46:54 [INFO] sentence_transformers.base.model: Loading SentenceTransformer model from sentence-transformers/all-MiniLM-L6-v2.
2026-08-21 22:46:54 [ERROR] core.embeddings.sentence_transformer: فشل تحميل النموذج: sentence-transformers/all-MiniLM-L6-v2 does not appear to have a file named pytorch_model.bin or model.safetensors.
2026-08-21 22:46:54 [WARNING] data_engine.pipelines.stages.embed_stage: محاولة 1/3 فشلت: sentence-transformers/all-MiniLM-L6-v2 does not appear to have a file named pytorch_model.bin or model.safetensors.
2026-08-21 22:46:54 [INFO] core.embeddings.sentence_transformer: تحميل نموذج: sentence-transformers/all-MiniLM-L6-v2
2026-08-21 22:46:54 [INFO] sentence_transformers.base.model: Loading SentenceTransformer model from sentence-transformers/all-MiniLM-L6-v2.
2026-08-21 22:46:54 [ERROR] core.embeddings.sentence_transformer: فشل تحميل النموذج: sentence-transformers/all-MiniLM-L6-v2 does not appear to have a file named pytorch_model.bin or model.safetensors.
2026-08-21 22:46:54 [WARNING] data_engine.pipelines.stages.embed_stage: محاولة 2/3 فشلت: sentence-transformers/all-MiniLM-L6-v2 does not appear to have a file named pytorch_model.bin or model.safetensors.
2026-08-21 22:46:55 [INFO] core.embeddings.sentence_transformer: تحميل نموذج: sentence-transformers/all-MiniLM-L6-v2
2026-08-21 22:46:55 [INFO] sentence_transformers.base.model: Loading SentenceTransformer model from sentence-transformers/all-MiniLM-L6-v2.
2026-08-21 22:46:55 [ERROR] core.embeddings.sentence_transformer: فشل تحميل النموذج: sentence-transformers/all-MiniLM-L6-v2 does not appear to have a file named pytorch_model.bin or model.safetensors.
2026-08-21 22:46:55 [WARNING] data_engine.pipelines.stages.embed_stage: محاولة 3/3 فشلت: sentence-transformers/all-MiniLM-L6-v2 does not appear to have a file named pytorch_model.bin or model.safetensors.
2026-08-21 22:46:57 [ERROR] data_engine.pipelines.stages.embed_stage: batch embedding فشل: فشل embedding بعد 3 محاولات: sentence-transformers/all-MiniLM-L6-v2 does not appear to have a file named pytorch_model.bin or model.safetensors.
2026-08-21 22:46:57 [INFO] core.embeddings.sentence_transformer: تحميل نموذج: sentence-transformers/all-MiniLM-L6-v2
2026-08-21 22:46:57 [INFO] sentence_transformers.base.model: Loading SentenceTransformer model from sentence-transformers/all-MiniLM-L6-v2.
2026-08-21 22:46:57 [ERROR] core.embeddings.sentence_transformer: فشل تحميل النموذج: sentence-transformers/all-MiniLM-L6-v2 does not appear to have a file named pytorch_model.bin or model.safetensors.
2026-08-21 22:46:57 [WARNING] data_engine.pipelines.stages.embed_stage: محاولة 1/3 فشلت: sentence-transformers/all-MiniLM-L6-v2 does not appear to have a file named pytorch_model.bin or model.safetensors.
2026-08-21 22:46:57 [INFO] core.embeddings.sentence_transformer: تحميل نموذج: sentence-transformers/all-MiniLM-L6-v2
2026-08-21 22:46:57 [INFO] sentence_transformers.base.model: Loading SentenceTransformer model from sentence-transformers/all-MiniLM-L6-v2.
2026-08-21 22:46:57 [ERROR] core.embeddings.sentence_transformer: فشل تحميل النموذج: sentence-transformers/all-MiniLM-L6-v2 does not appear to have a file named pytorch_model.bin or model.safetensors.
2026-08-21 22:46:57 [WARNING] data_engine.pipelines.stages.embed_stage: محاولة 2/3 فشلت: sentence-transformers/all-MiniLM-L6-v2 does not appear to have a file named pytorch_model.bin or model.safetensors.
2026-08-21 22:46:58 [INFO] core.embeddings.sentence_transformer: تحميل نموذج: sentence-transformers/all-MiniLM-L6-v2
2026-08-21 22:46:58 [INFO] sentence_transformers.base.model: Loading SentenceTransformer model from sentence-transformers/all-MiniLM-L6-v2.
2026-08-21 22:46:58 [ERROR] core.embeddings.sentence_transformer: فشل تحميل النموذج: sentence-transformers/all-MiniLM-L6-v2 does not appear to have a file named pytorch_model.bin or model.safetensors.
2026-08-21 22:46:58 [WARNING] data_engine.pipelines.stages.embed_stage: محاولة 3/3 فشلت: sentence-transformers/all-MiniLM-L6-v2 does not appear to have a file named pytorch_model.bin or model.safetensors.
2026-08-21 22:47:00 [ERROR] data_engine.pipelines.stages.embed_stage: batch embedding فشل: فشل embedding بعد 3 محاولات: sentence-transformers/all-MiniLM-L6-v2 does not appear to have a file named pytorch_model.bin or model.safetensors.
2026-08-21 22:47:00 [INFO] data_engine.pipelines.stages.embed_stage: embed_stage: 0/10 chunks — 6044.7ms
  ✗ FAIL: assert 0 == 10
 +  where 0 = EmbedStageResult(article_id='article_batch', total_chunks=10, embedded=0, failed=10, records=[], total_ms=6044.6961129... sentence-transformers/all-MiniLM-L6-v2 does not appear to have a file named pytorch_model.bin or model.safetensors.']).embedded
2026-08-21 22:47:00 [INFO] core.embeddings.sentence_transformer: تحميل نموذج: sentence-transformers/all-MiniLM-L6-v2
2026-08-21 22:47:00 [INFO] sentence_transformers.base.model: Loading SentenceTransformer model from sentence-transformers/all-MiniLM-L6-v2.
2026-08-21 22:47:00 [ERROR] core.embeddings.sentence_transformer: فشل تحميل النموذج: sentence-transformers/all-MiniLM-L6-v2 does not appear to have a file named pytorch_model.bin or model.safetensors.
2026-08-21 22:47:00 [WARNING] data_engine.pipelines.stages.embed_stage: محاولة 1/3 فشلت: sentence-transformers/all-MiniLM-L6-v2 does not appear to have a file named pytorch_model.bin or model.safetensors.
2026-08-21 22:47:00 [INFO] core.embeddings.sentence_transformer: تحميل نموذج: sentence-transformers/all-MiniLM-L6-v2
2026-08-21 22:47:00 [INFO] sentence_transformers.base.model: Loading SentenceTransformer model from sentence-transformers/all-MiniLM-L6-v2.
2026-08-21 22:47:00 [ERROR] core.embeddings.sentence_transformer: فشل تحميل النموذج: sentence-transformers/all-MiniLM-L6-v2 does not appear to have a file named pytorch_model.bin or model.safetensors.
2026-08-21 22:47:00 [WARNING] data_engine.pipelines.stages.embed_stage: محاولة 2/3 فشلت: sentence-transformers/all-MiniLM-L6-v2 does not appear to have a file named pytorch_model.bin or model.safetensors.
2026-08-21 22:47:01 [INFO] core.embeddings.sentence_transformer: تحميل نموذج: sentence-transformers/all-MiniLM-L6-v2
2026-08-21 22:47:01 [INFO] sentence_transformers.base.model: Loading SentenceTransformer model from sentence-transformers/all-MiniLM-L6-v2.
2026-08-21 22:47:01 [ERROR] core.embeddings.sentence_transformer: فشل تحميل النموذج: sentence-transformers/all-MiniLM-L6-v2 does not appear to have a file named pytorch_model.bin or model.safetensors.
2026-08-21 22:47:01 [WARNING] data_engine.pipelines.stages.embed_stage: محاولة 3/3 فشلت: sentence-transformers/all-MiniLM-L6-v2 does not appear to have a file named pytorch_model.bin or model.safetensors.
2026-08-21 22:47:03 [ERROR] data_engine.pipelines.stages.embed_stage: batch embedding فشل: فشل embedding بعد 3 محاولات: sentence-transformers/all-MiniLM-L6-v2 does not appear to have a file named pytorch_model.bin or model.safetensors.
2026-08-21 22:47:03 [INFO] data_engine.pipelines.stages.embed_stage: embed_stage: 0/1 chunks — 3024.3ms
  ✗ FAIL: list index out of range


[7.3 Vector Storage Layer — FAISS]
2026-08-21 22:47:03 [INFO] faiss.loader: Loading faiss with AVX512 support.
2026-08-21 22:47:03 [INFO] faiss.loader: Could not load library with AVX512 support due to:
ModuleNotFoundError("No module named 'faiss.swigfaiss_avx512'")
2026-08-21 22:47:03 [INFO] faiss.loader: Loading faiss with AVX2 support.
2026-08-21 22:47:03 [INFO] faiss.loader: Could not load library with AVX2 support due to:
ModuleNotFoundError("No module named 'faiss.swigfaiss_avx2'")
2026-08-21 22:47:03 [INFO] faiss.loader: Loading faiss.
2026-08-21 22:47:03 [INFO] faiss.loader: Successfully loaded faiss.
     → 100 vectors في FAISS  ✓ 7.3.1 FAISSVectorStore — add 100 vectors
     → top-5: [0.247, 0.222, 0.209]  ✓ 7.3.2 FAISSVectorStore — similarity search top-5
2026-08-21 22:47:03 [INFO] data_engine.storage.vector_store.faiss_client: FAISS index حُفظ في: /tmp/tmplg_0w3y3/idx
2026-08-21 22:47:03 [INFO] data_engine.storage.vector_store.faiss_client: FAISS index مُحمَّل: 10 vectors
  ✓ 7.3.3 FAISSVectorStore — save & load
  ✓ 7.3.4 SQLiteVectorIndex — add & cosine search
  ✓ 7.3.5 FAISSVectorStore — metadata filtering


[7.4 Semantic Search Engine]
2026-08-21 22:47:03 [INFO] core.embeddings.sentence_transformer: تحميل نموذج: sentence-transformers/all-MiniLM-L6-v2
2026-08-21 22:47:03 [INFO] sentence_transformers.base.model: Loading SentenceTransformer model from sentence-transformers/all-MiniLM-L6-v2.
2026-08-21 22:47:03 [ERROR] core.embeddings.sentence_transformer: فشل تحميل النموذج: sentence-transformers/all-MiniLM-L6-v2 does not appear to have a file named pytorch_model.bin or model.safetensors.
------------------------------- Captured stderr --------------------------------
Traceback (most recent call last):
  File "/home/ubuntu/ai-chat-review/tests/test_phase7.py", line 37, in wrapper
    fn()
  File "/home/ubuntu/ai-chat-review/tests/test_phase7.py", line 165, in test_st_embed
    result = run(model.embed("اختبار النموذج الحقيقي"))
             ^^^^^^^^^^^^^^^^^^^^^^^^^^^^^^^^^^^^^^^^^^
  File "/home/ubuntu/ai-chat-review/tests/test_phase7.py", line 49, in run
    return asyncio.run(coro)
           ^^^^^^^^^^^^^^^^^
  File "/usr/lib/python3.12/asyncio/runners.py", line 194, in run
    return runner.run(main)
           ^^^^^^^^^^^^^^^^
  File "/usr/lib/python3.12/asyncio/runners.py", line 118, in run
    return self._loop.run_until_complete(task)
           ^^^^^^^^^^^^^^^^^^^^^^^^^^^^^^^^^^^
  File "/usr/lib/python3.12/asyncio/base_events.py", line 687, in run_until_complete
    return future.result()
           ^^^^^^^^^^^^^^^
  File "/home/ubuntu/ai-chat-review/core/embeddings/base.py", line 88, in embed
    self.ensure_loaded()
  File "/home/ubuntu/ai-chat-review/core/embeddings/base.py", line 77, in ensure_loaded
    self.load()
  File "/home/ubuntu/ai-chat-review/core/embeddings/sentence_transformer.py", line 31, in load
    self._model = SentenceTransformer(
                  ^^^^^^^^^^^^^^^^^^^^
  File "/usr/local/lib/python3.12/dist-packages/sentence_transformers/util/decorators.py", line 46, in wrapper
    return func(*args, **kwargs)
           ^^^^^^^^^^^^^^^^^^^^^
  File "/usr/local/lib/python3.12/dist-packages/sentence_transformers/sentence_transformer/model.py", line 194, in __init__
    super().__init__(
  File "/usr/local/lib/python3.12/dist-packages/sentence_transformers/base/model.py", line 236, in __init__
    modules, self.module_kwargs = self._load_modules(
                                  ^^^^^^^^^^^^^^^^^^^
  File "/usr/local/lib/python3.12/dist-packages/sentence_transformers/base/model.py", line 1081, in _load_modules
    return self._load_config_modules(model_name_or_path, **load_kwargs)
           ^^^^^^^^^^^^^^^^^^^^^^^^^^^^^^^^^^^^^^^^^^^^^^^^^^^^^^^^^^^^
  File "/usr/local/lib/python3.12/dist-packages/sentence_transformers/base/model.py", line 1298, in _load_config_modules
    module = module_class.load(
             ^^^^^^^^^^^^^^^^^^
  File "/usr/local/lib/python3.12/dist-packages/sentence_transformers/base/modules/transformer.py", line 2631, in load
    return cls(model_name_or_path=model_name_or_path, **init_kwargs)
           ^^^^^^^^^^^^^^^^^^^^^^^^^^^^^^^^^^^^^^^^^^^^^^^^^^^^^^^^^
  File "/usr/local/lib/python3.12/dist-packages/sentence_transformers/util/decorators.py", line 92, in wrapper
    return func(*args, **kwargs)
           ^^^^^^^^^^^^^^^^^^^^^
  File "/usr/local/lib/python3.12/dist-packages/sentence_transformers/base/modules/transformer.py", line 847, in __init__
    self.model = self._load_model(
                 ^^^^^^^^^^^^^^^^^
  File "/usr/local/lib/python3.12/dist-packages/sentence_transformers/base/modules/transformer.py", line 2333, in _load_model
    return model_cls.from_pretrained(model_name_or_path, config=config, **model_kwargs)
           ^^^^^^^^^^^^^^^^^^^^^^^^^^^^^^^^^^^^^^^^^^^^^^^^^^^^^^^^^^^^^^^^^^^^^^^^^^^^
  File "/usr/local/lib/python3.12/dist-packages/transformers/models/auto/auto_factory.py", line 402, in from_pretrained
    return model_class.from_pretrained(
           ^^^^^^^^^^^^^^^^^^^^^^^^^^^^
  File "/usr/local/lib/python3.12/dist-packages/transformers/modeling_utils.py", line 4248, in from_pretrained
    checkpoint_files, sharded_metadata = _get_resolved_checkpoint_files(
                                         ^^^^^^^^^^^^^^^^^^^^^^^^^^^^^^^
  File "/usr/local/lib/python3.12/dist-packages/transformers/modeling_utils.py", line 746, in _get_resolved_checkpoint_files
    raise OSError(
OSError: sentence-transformers/all-MiniLM-L6-v2 does not appear to have a file named pytorch_model.bin or model.safetensors.
Traceback (most recent call last):
  File "/home/ubuntu/ai-chat-review/tests/test_phase7.py", line 37, in wrapper
    fn()
  File "/home/ubuntu/ai-chat-review/tests/test_phase7.py", line 177, in test_st_batch
    results = run(model.embed_batch(texts))
              ^^^^^^^^^^^^^^^^^^^^^^^^^^^^^
  File "/home/ubuntu/ai-chat-review/tests/test_phase7.py", line 49, in run
    return asyncio.run(coro)
           ^^^^^^^^^^^^^^^^^
  File "/usr/lib/python3.12/asyncio/runners.py", line 194, in run
    return runner.run(main)
           ^^^^^^^^^^^^^^^^
  File "/usr/lib/python3.12/asyncio/runners.py", line 118, in run
    return self._loop.run_until_complete(task)
           ^^^^^^^^^^^^^^^^^^^^^^^^^^^^^^^^^^^
  File "/usr/lib/python3.12/asyncio/base_events.py", line 687, in run_until_complete
    return future.result()
           ^^^^^^^^^^^^^^^
  File "/home/ubuntu/ai-chat-review/core/embeddings/base.py", line 114, in embed_batch
    self.ensure_loaded()
  File "/home/ubuntu/ai-chat-review/core/embeddings/base.py", line 77, in ensure_loaded
    self.load()
  File "/home/ubuntu/ai-chat-review/core/embeddings/sentence_transformer.py", line 31, in load
    self._model = SentenceTransformer(
                  ^^^^^^^^^^^^^^^^^^^^
  File "/usr/local/lib/python3.12/dist-packages/sentence_transformers/util/decorators.py", line 46, in wrapper
    return func(*args, **kwargs)
           ^^^^^^^^^^^^^^^^^^^^^
  File "/usr/local/lib/python3.12/dist-packages/sentence_transformers/sentence_transformer/model.py", line 194, in __init__
    super().__init__(
  File "/usr/local/lib/python3.12/dist-packages/sentence_transformers/base/model.py", line 236, in __init__
    modules, self.module_kwargs = self._load_modules(
                                  ^^^^^^^^^^^^^^^^^^^
  File "/usr/local/lib/python3.12/dist-packages/sentence_transformers/base/model.py", line 1081, in _load_modules
    return self._load_config_modules(model_name_or_path, **load_kwargs)
           ^^^^^^^^^^^^^^^^^^^^^^^^^^^^^^^^^^^^^^^^^^^^^^^^^^^^^^^^^^^^
  File "/usr/local/lib/python3.12/dist-packages/sentence_transformers/base/model.py", line 1298, in _load_config_modules
    module = module_class.load(
             ^^^^^^^^^^^^^^^^^^
  File "/usr/local/lib/python3.12/dist-packages/sentence_transformers/base/modules/transformer.py", line 2631, in load
    return cls(model_name_or_path=model_name_or_path, **init_kwargs)
           ^^^^^^^^^^^^^^^^^^^^^^^^^^^^^^^^^^^^^^^^^^^^^^^^^^^^^^^^^
  File "/usr/local/lib/python3.12/dist-packages/sentence_transformers/util/decorators.py", line 92, in wrapper
    return func(*args, **kwargs)
           ^^^^^^^^^^^^^^^^^^^^^
  File "/usr/local/lib/python3.12/dist-packages/sentence_transformers/base/modules/transformer.py", line 847, in __init__
    self.model = self._load_model(
                 ^^^^^^^^^^^^^^^^^
  File "/usr/local/lib/python3.12/dist-packages/sentence_transformers/base/modules/transformer.py", line 2333, in _load_model
    return model_cls.from_pretrained(model_name_or_path, config=config, **model_kwargs)
           ^^^^^^^^^^^^^^^^^^^^^^^^^^^^^^^^^^^^^^^^^^^^^^^^^^^^^^^^^^^^^^^^^^^^^^^^^^^^
  File "/usr/local/lib/python3.12/dist-packages/transformers/models/auto/auto_factory.py", line 402, in from_pretrained
    return model_class.from_pretrained(
           ^^^^^^^^^^^^^^^^^^^^^^^^^^^^
  File "/usr/local/lib/python3.12/dist-packages/transformers/modeling_utils.py", line 4248, in from_pretrained
    checkpoint_files, sharded_metadata = _get_resolved_checkpoint_files(
                                         ^^^^^^^^^^^^^^^^^^^^^^^^^^^^^^^
  File "/usr/local/lib/python3.12/dist-packages/transformers/modeling_utils.py", line 746, in _get_resolved_checkpoint_files
    raise OSError(
OSError: sentence-transformers/all-MiniLM-L6-v2 does not appear to have a file named pytorch_model.bin or model.safetensors.
Traceback (most recent call last):
  File "/home/ubuntu/ai-chat-review/tests/test_phase7.py", line 37, in wrapper
    fn()
  File "/home/ubuntu/ai-chat-review/tests/test_phase7.py", line 200, in test_manager_health
    assert health["status"] == "ok"
AssertionError: assert 'error' == 'ok'
Traceback (most recent call last):
  File "/home/ubuntu/ai-chat-review/tests/test_phase7.py", line 37, in wrapper
    fn()
  File "/home/ubuntu/ai-chat-review/tests/test_phase7.py", line 212, in test_embed_100
    results = run(manager.embed_batch(texts))
              ^^^^^^^^^^^^^^^^^^^^^^^^^^^^^^^
  File "/home/ubuntu/ai-chat-review/tests/test_phase7.py", line 49, in run
    return asyncio.run(coro)
           ^^^^^^^^^^^^^^^^^
  File "/usr/lib/python3.12/asyncio/runners.py", line 194, in run
    return runner.run(main)
           ^^^^^^^^^^^^^^^^
  File "/usr/lib/python3.12/asyncio/runners.py", line 118, in run
    return self._loop.run_until_complete(task)
           ^^^^^^^^^^^^^^^^^^^^^^^^^^^^^^^^^^^
  File "/usr/lib/python3.12/asyncio/base_events.py", line 687, in run_until_complete
    return future.result()
           ^^^^^^^^^^^^^^^
  File "/home/ubuntu/ai-chat-review/core/embeddings/embedding_manager.py", line 72, in embed_batch
    return await model.embed_batch(texts, chunk_ids=chunk_ids, article_id=article_id)
           ^^^^^^^^^^^^^^^^^^^^^^^^^^^^^^^^^^^^^^^^^^^^^^^^^^^^^^^^^^^^^^^^^^^^^^^^^^
  File "/home/ubuntu/ai-chat-review/core/embeddings/base.py", line 114, in embed_batch
    self.ensure_loaded()
  File "/home/ubuntu/ai-chat-review/core/embeddings/base.py", line 77, in ensure_loaded
    self.load()
  File "/home/ubuntu/ai-chat-review/core/embeddings/sentence_transformer.py", line 31, in load
    self._model = SentenceTransformer(
                  ^^^^^^^^^^^^^^^^^^^^
  File "/usr/local/lib/python3.12/dist-packages/sentence_transformers/util/decorators.py", line 46, in wrapper
    return func(*args, **kwargs)
           ^^^^^^^^^^^^^^^^^^^^^
  File "/usr/local/lib/python3.12/dist-packages/sentence_transformers/sentence_transformer/model.py", line 194, in __init__
    super().__init__(
  File "/usr/local/lib/python3.12/dist-packages/sentence_transformers/base/model.py", line 236, in __init__
    modules, self.module_kwargs = self._load_modules(
                                  ^^^^^^^^^^^^^^^^^^^
  File "/usr/local/lib/python3.12/dist-packages/sentence_transformers/base/model.py", line 1081, in _load_modules
    return self._load_config_modules(model_name_or_path, **load_kwargs)
           ^^^^^^^^^^^^^^^^^^^^^^^^^^^^^^^^^^^^^^^^^^^^^^^^^^^^^^^^^^^^
  File "/usr/local/lib/python3.12/dist-packages/sentence_transformers/base/model.py", line 1298, in _load_config_modules
    module = module_class.load(
             ^^^^^^^^^^^^^^^^^^
  File "/usr/local/lib/python3.12/dist-packages/sentence_transformers/base/modules/transformer.py", line 2631, in load
    return cls(model_name_or_path=model_name_or_path, **init_kwargs)
           ^^^^^^^^^^^^^^^^^^^^^^^^^^^^^^^^^^^^^^^^^^^^^^^^^^^^^^^^^
  File "/usr/local/lib/python3.12/dist-packages/sentence_transformers/util/decorators.py", line 92, in wrapper
    return func(*args, **kwargs)
           ^^^^^^^^^^^^^^^^^^^^^
  File "/usr/local/lib/python3.12/dist-packages/sentence_transformers/base/modules/transformer.py", line 847, in __init__
    self.model = self._load_model(
                 ^^^^^^^^^^^^^^^^^
  File "/usr/local/lib/python3.12/dist-packages/sentence_transformers/base/modules/transformer.py", line 2333, in _load_model
    return model_cls.from_pretrained(model_name_or_path, config=config, **model_kwargs)
           ^^^^^^^^^^^^^^^^^^^^^^^^^^^^^^^^^^^^^^^^^^^^^^^^^^^^^^^^^^^^^^^^^^^^^^^^^^^^
  File "/usr/local/lib/python3.12/dist-packages/transformers/models/auto/auto_factory.py", line 402, in from_pretrained
    return model_class.from_pretrained(
           ^^^^^^^^^^^^^^^^^^^^^^^^^^^^
  File "/usr/local/lib/python3.12/dist-packages/transformers/modeling_utils.py", line 4248, in from_pretrained
    checkpoint_files, sharded_metadata = _get_resolved_checkpoint_files(
                                         ^^^^^^^^^^^^^^^^^^^^^^^^^^^^^^^
  File "/usr/local/lib/python3.12/dist-packages/transformers/modeling_utils.py", line 746, in _get_resolved_checkpoint_files
    raise OSError(
OSError: sentence-transformers/all-MiniLM-L6-v2 does not appear to have a file named pytorch_model.bin or model.safetensors.
Traceback (most recent call last):
  File "/home/ubuntu/ai-chat-review/tests/test_phase7.py", line 37, in wrapper
    fn()
  File "/home/ubuntu/ai-chat-review/tests/test_phase7.py", line 231, in test_embed_stage_single
    assert record is not None
AssertionError: assert None is not None
Traceback (most recent call last):
  File "/home/ubuntu/ai-chat-review/tests/test_phase7.py", line 37, in wrapper
    fn()
  File "/home/ubuntu/ai-chat-review/tests/test_phase7.py", line 243, in test_embed_stage_batch
    assert result.embedded == 10
AssertionError: assert 0 == 10
 +  where 0 = EmbedStageResult(article_id='article_batch', total_chunks=10, embedded=0, failed=10, records=[], total_ms=6044.6961129... sentence-transformers/all-MiniLM-L6-v2 does not appear to have a file named pytorch_model.bin or model.safetensors.']).embedded
Traceback (most recent call last):
  File "/home/ubuntu/ai-chat-review/tests/test_phase7.py", line 37, in wrapper
    fn()
  File "/home/ubuntu/ai-chat-review/tests/test_phase7.py", line 256, in test_embed_record_fields
    record = result.records[0]
             ~~~~~~~~~~~~~~^^^
IndexError: list index out of range
=========================== short test summary info ============================
ERROR tests/test_phase7.py - OSError: sentence-transformers/all-MiniLM-L6-v2 ...
!!!!!!!!!!!!!!!!!!!! Interrupted: 1 error during collection !!!!!!!!!!!!!!!!!!!!
=================== 1 skipped, 7 warnings, 1 error in 25.93s ===================
